<?xml version="1.0" encoding="UTF-8"?>
<testng-results ignored="0" total="2" passed="2" failed="0" skipped="0">
  <reporter-output>
  </reporter-output>
  <suite started-at="2022-01-22T12:16:17 IST" name="Default suite" finished-at="2022-01-22T12:16:25 IST" duration-ms="8003">
    <groups>
    </groups>
    <test started-at="2022-01-22T12:16:17 IST" name="Default test" finished-at="2022-01-22T12:16:25 IST" duration-ms="8003">
      <class name="Listener_Demo.listener">
        <test-method signature="Login()[pri:0, instance:Listener_Demo.listener@589b028e]" started-at="2022-01-22T12:16:18 IST" name="Login" finished-at="2022-01-22T12:16:24 IST" duration-ms="6367" status="PASS">
          <reporter-output>
          </reporter-output>
        </test-method> <!-- Login -->
        <test-method signature="closeDriver()[pri:0, instance:Listener_Demo.listener@589b028e]" started-at="2022-01-22T12:16:24 IST" name="closeDriver" finished-at="2022-01-22T12:16:25 IST" duration-ms="1538" status="PASS">
          <reporter-output>
          </reporter-output>
        </test-method> <!-- closeDriver -->
      </class> <!-- Listener_Demo.listener -->
    </test> <!-- Default test -->
  </suite> <!-- Default suite -->
</testng-results>
