<?xml version="1.0" encoding="UTF-8"?>
<testng-results ignored="0" total="2" passed="2" failed="0" skipped="0">
  <reporter-output>
  </reporter-output>
  <suite started-at="2022-01-13T13:16:51 IST" name="Default suite" finished-at="2022-01-13T13:17:21 IST" duration-ms="30306">
    <groups>
    </groups>
    <test started-at="2022-01-13T13:16:51 IST" name="Default test" finished-at="2022-01-13T13:17:21 IST" duration-ms="30306">
      <class name="Listener_Demo.listener">
        <test-method signature="Login()[pri:0, instance:Listener_Demo.listener@2472c7d8]" started-at="2022-01-13T13:16:51 IST" name="Login" finished-at="2022-01-13T13:17:18 IST" duration-ms="26807" status="PASS">
          <reporter-output>
          </reporter-output>
        </test-method> <!-- Login -->
        <test-method signature="closeDriver()[pri:0, instance:Listener_Demo.listener@2472c7d8]" started-at="2022-01-13T13:17:18 IST" name="closeDriver" finished-at="2022-01-13T13:17:21 IST" duration-ms="3383" status="PASS">
          <reporter-output>
          </reporter-output>
        </test-method> <!-- closeDriver -->
      </class> <!-- Listener_Demo.listener -->
    </test> <!-- Default test -->
  </suite> <!-- Default suite -->
</testng-results>
